<?xml version="1.0" encoding="UTF-8"?>
<!-- Generated by org.testng.reporters.JUnitXMLReporter -->
<testsuite hostname="52NHE3HGTOUUAT1" name="test_seleniumcn" tests="1" failures="1" timestamp="17 Aug 2014 07:37:21 GMT" time="24.403" errors="0">
  <testcase name="testWebdriverAPIs" time="23.426" classname="com.chanjet.api.WebdiverAPITest01">
    <failure type="java.lang.AssertionError" message="expected [selenium api demo] but found [404 - Error: 404]">
      <![CDATA[java.lang.AssertionError: expected [selenium api demo] but found [404 - Error: 404]
	at com.chanjet.api.WebdiverAPITest01.testWebdriverAPIs(WebdiverAPITest01.java:54)
... Removed 29 stack frames]]>
    </failure>
  </testcase> <!-- testWebdriverAPIs -->
</testsuite> <!-- test_seleniumcn -->
